{"total": {"lines":{"total":1802,"covered":1265,"skipped":0,"pct":70.19},"statements":{"total":1978,"covered":1354,"skipped":0,"pct":68.45},"functions":{"total":199,"covered":164,"skipped":0,"pct":82.41},"branches":{"total":1115,"covered":738,"skipped":0,"pct":66.18},"branchesTrue":{"total":0,"covered":0,"skipped":0,"pct":100}}
,"/Users/albz/Code/Javascript/Markasso/src/core/app_state.ts": {"lines":{"total":4,"covered":4,"skipped":0,"pct":100},"functions":{"total":1,"covered":1,"skipped":0,"pct":100},"statements":{"total":4,"covered":4,"skipped":0,"pct":100},"branches":{"total":8,"covered":4,"skipped":0,"pct":50}}
,"/Users/albz/Code/Javascript/Markasso/src/core/scene.ts": {"lines":{"total":2,"covered":1,"skipped":0,"pct":50},"functions":{"total":3,"covered":1,"skipped":0,"pct":33.33},"statements":{"total":3,"covered":1,"skipped":0,"pct":33.33},"branches":{"total":0,"covered":0,"skipped":0,"pct":100}}
,"/Users/albz/Code/Javascript/Markasso/src/core/text_measure.ts": {"lines":{"total":9,"covered":0,"skipped":0,"pct":0},"functions":{"total":1,"covered":0,"skipped":0,"pct":0},"statements":{"total":9,"covered":0,"skipped":0,"pct":0},"branches":{"total":4,"covered":0,"skipped":0,"pct":0}}
,"/Users/albz/Code/Javascript/Markasso/src/core/viewport.ts": {"lines":{"total":58,"covered":58,"skipped":0,"pct":100},"functions":{"total":6,"covered":6,"skipped":0,"pct":100},"statements":{"total":59,"covered":59,"skipped":0,"pct":100},"branches":{"total":30,"covered":29,"skipped":0,"pct":96.66}}
,"/Users/albz/Code/Javascript/Markasso/src/engine/history.ts": {"lines":{"total":34,"covered":34,"skipped":0,"pct":100},"functions":{"total":13,"covered":13,"skipped":0,"pct":100},"statements":{"total":39,"covered":37,"skipped":0,"pct":94.87},"branches":{"total":15,"covered":13,"skipped":0,"pct":86.66}}
,"/Users/albz/Code/Javascript/Markasso/src/engine/reducer.ts": {"lines":{"total":184,"covered":168,"skipped":0,"pct":91.3},"functions":{"total":32,"covered":30,"skipped":0,"pct":93.75},"statements":{"total":238,"covered":187,"skipped":0,"pct":78.57},"branches":{"total":293,"covered":211,"skipped":0,"pct":72.01}}
,"/Users/albz/Code/Javascript/Markasso/src/io/mermaid.ts": {"lines":{"total":400,"covered":346,"skipped":0,"pct":86.5},"functions":{"total":31,"covered":26,"skipped":0,"pct":83.87},"statements":{"total":443,"covered":379,"skipped":0,"pct":85.55},"branches":{"total":261,"covered":183,"skipped":0,"pct":70.11}}
,"/Users/albz/Code/Javascript/Markasso/src/io/presets.ts": {"lines":{"total":91,"covered":91,"skipped":0,"pct":100},"functions":{"total":7,"covered":7,"skipped":0,"pct":100},"statements":{"total":93,"covered":93,"skipped":0,"pct":100},"branches":{"total":35,"covered":32,"skipped":0,"pct":91.42}}
,"/Users/albz/Code/Javascript/Markasso/src/io/share.ts": {"lines":{"total":67,"covered":54,"skipped":0,"pct":80.59},"functions":{"total":13,"covered":12,"skipped":0,"pct":92.3},"statements":{"total":73,"covered":59,"skipped":0,"pct":80.82},"branches":{"total":21,"covered":15,"skipped":0,"pct":71.42}}
,"/Users/albz/Code/Javascript/Markasso/src/rendering/connector_geometry.ts": {"lines":{"total":66,"covered":59,"skipped":0,"pct":89.39},"functions":{"total":11,"covered":10,"skipped":0,"pct":90.9},"statements":{"total":77,"covered":63,"skipped":0,"pct":81.81},"branches":{"total":44,"covered":31,"skipped":0,"pct":70.45}}
,"/Users/albz/Code/Javascript/Markasso/src/rendering/draw_selection.ts": {"lines":{"total":517,"covered":164,"skipped":0,"pct":31.72},"functions":{"total":26,"covered":17,"skipped":0,"pct":65.38},"statements":{"total":540,"covered":173,"skipped":0,"pct":32.03},"branches":{"total":254,"covered":126,"skipped":0,"pct":49.6}}
,"/Users/albz/Code/Javascript/Markasso/src/tools/ellipse_tool.ts": {"lines":{"total":38,"covered":29,"skipped":0,"pct":76.31},"functions":{"total":6,"covered":5,"skipped":0,"pct":83.33},"statements":{"total":41,"covered":30,"skipped":0,"pct":73.17},"branches":{"total":14,"covered":9,"skipped":0,"pct":64.28}}
,"/Users/albz/Code/Javascript/Markasso/src/tools/eraser_tool.ts": {"lines":{"total":45,"covered":37,"skipped":0,"pct":82.22},"functions":{"total":11,"covered":7,"skipped":0,"pct":63.63},"statements":{"total":53,"covered":40,"skipped":0,"pct":75.47},"branches":{"total":26,"covered":21,"skipped":0,"pct":80.76}}
,"/Users/albz/Code/Javascript/Markasso/src/tools/hand_tool.ts": {"lines":{"total":17,"covered":15,"skipped":0,"pct":88.23},"functions":{"total":5,"covered":3,"skipped":0,"pct":60},"statements":{"total":17,"covered":15,"skipped":0,"pct":88.23},"branches":{"total":4,"covered":2,"skipped":0,"pct":50}}
,"/Users/albz/Code/Javascript/Markasso/src/tools/line_tool.ts": {"lines":{"total":108,"covered":72,"skipped":0,"pct":66.66},"functions":{"total":9,"covered":5,"skipped":0,"pct":55.55},"statements":{"total":111,"covered":72,"skipped":0,"pct":64.86},"branches":{"total":32,"covered":17,"skipped":0,"pct":53.12}}
,"/Users/albz/Code/Javascript/Markasso/src/tools/pen_tool.ts": {"lines":{"total":86,"covered":75,"skipped":0,"pct":87.2},"functions":{"total":12,"covered":11,"skipped":0,"pct":91.66},"statements":{"total":96,"covered":82,"skipped":0,"pct":85.41},"branches":{"total":38,"covered":27,"skipped":0,"pct":71.05}}
,"/Users/albz/Code/Javascript/Markasso/src/tools/rectangle_tool.ts": {"lines":{"total":38,"covered":29,"skipped":0,"pct":76.31},"functions":{"total":6,"covered":5,"skipped":0,"pct":83.33},"statements":{"total":41,"covered":30,"skipped":0,"pct":73.17},"branches":{"total":14,"covered":9,"skipped":0,"pct":64.28}}
,"/Users/albz/Code/Javascript/Markasso/src/tools/rombo_tool.ts": {"lines":{"total":38,"covered":29,"skipped":0,"pct":76.31},"functions":{"total":6,"covered":5,"skipped":0,"pct":83.33},"statements":{"total":41,"covered":30,"skipped":0,"pct":73.17},"branches":{"total":22,"covered":9,"skipped":0,"pct":40.9}}
,"/Users/albz/Code/Javascript/Markasso/src/tools/tool.ts": {"lines":{"total":0,"covered":0,"skipped":0,"pct":100},"functions":{"total":0,"covered":0,"skipped":0,"pct":100},"statements":{"total":0,"covered":0,"skipped":0,"pct":100},"branches":{"total":0,"covered":0,"skipped":0,"pct":100}}
}
