{"total": {"lines":{"total":4195,"covered":3524,"skipped":0,"pct":84},"statements":{"total":4195,"covered":3524,"skipped":0,"pct":84},"functions":{"total":133,"covered":113,"skipped":0,"pct":84.96},"branches":{"total":715,"covered":553,"skipped":0,"pct":77.34},"branchesTrue":{"total":0,"covered":0,"skipped":0,"pct":100}}
,"/Users/albz/Code/Javascript/Markasso/src/core/app_state.ts": {"lines":{"total":67,"covered":65,"skipped":0,"pct":97.01},"functions":{"total":1,"covered":1,"skipped":0,"pct":100},"statements":{"total":67,"covered":65,"skipped":0,"pct":97.01},"branches":{"total":5,"covered":1,"skipped":0,"pct":20}}
,"/Users/albz/Code/Javascript/Markasso/src/core/scene.ts": {"lines":{"total":22,"covered":20,"skipped":0,"pct":90.9},"functions":{"total":2,"covered":1,"skipped":0,"pct":50},"statements":{"total":22,"covered":20,"skipped":0,"pct":90.9},"branches":{"total":1,"covered":1,"skipped":0,"pct":100}}
,"/Users/albz/Code/Javascript/Markasso/src/core/viewport.ts": {"lines":{"total":147,"covered":147,"skipped":0,"pct":100},"functions":{"total":6,"covered":6,"skipped":0,"pct":100},"statements":{"total":147,"covered":147,"skipped":0,"pct":100},"branches":{"total":27,"covered":27,"skipped":0,"pct":100}}
,"/Users/albz/Code/Javascript/Markasso/src/engine/history.ts": {"lines":{"total":103,"covered":103,"skipped":0,"pct":100},"functions":{"total":12,"covered":12,"skipped":0,"pct":100},"statements":{"total":103,"covered":103,"skipped":0,"pct":100},"branches":{"total":19,"covered":16,"skipped":0,"pct":84.21}}
,"/Users/albz/Code/Javascript/Markasso/src/engine/reducer.ts": {"lines":{"total":584,"covered":545,"skipped":0,"pct":93.32},"functions":{"total":2,"covered":1,"skipped":0,"pct":50},"statements":{"total":584,"covered":545,"skipped":0,"pct":93.32},"branches":{"total":174,"covered":130,"skipped":0,"pct":74.71}}
,"/Users/albz/Code/Javascript/Markasso/src/io/mermaid.ts": {"lines":{"total":752,"covered":675,"skipped":0,"pct":89.76},"functions":{"total":15,"covered":12,"skipped":0,"pct":80},"statements":{"total":752,"covered":675,"skipped":0,"pct":89.76},"branches":{"total":167,"covered":126,"skipped":0,"pct":75.44}}
,"/Users/albz/Code/Javascript/Markasso/src/io/presets.ts": {"lines":{"total":469,"covered":469,"skipped":0,"pct":100},"functions":{"total":5,"covered":5,"skipped":0,"pct":100},"statements":{"total":469,"covered":469,"skipped":0,"pct":100},"branches":{"total":37,"covered":35,"skipped":0,"pct":94.59}}
,"/Users/albz/Code/Javascript/Markasso/src/io/share.ts": {"lines":{"total":162,"covered":141,"skipped":0,"pct":87.03},"functions":{"total":12,"covered":11,"skipped":0,"pct":91.66},"statements":{"total":162,"covered":141,"skipped":0,"pct":87.03},"branches":{"total":32,"covered":24,"skipped":0,"pct":75}}
,"/Users/albz/Code/Javascript/Markasso/src/rendering/connector_geometry.ts": {"lines":{"total":231,"covered":214,"skipped":0,"pct":92.64},"functions":{"total":11,"covered":10,"skipped":0,"pct":90.9},"statements":{"total":231,"covered":214,"skipped":0,"pct":92.64},"branches":{"total":33,"covered":23,"skipped":0,"pct":69.69}}
,"/Users/albz/Code/Javascript/Markasso/src/rendering/draw_selection.ts": {"lines":{"total":698,"covered":320,"skipped":0,"pct":45.84},"functions":{"total":15,"covered":10,"skipped":0,"pct":66.66},"statements":{"total":698,"covered":320,"skipped":0,"pct":45.84},"branches":{"total":98,"covered":86,"skipped":0,"pct":87.75}}
,"/Users/albz/Code/Javascript/Markasso/src/tools/ellipse_tool.ts": {"lines":{"total":108,"covered":100,"skipped":0,"pct":92.59},"functions":{"total":6,"covered":6,"skipped":0,"pct":100},"statements":{"total":108,"covered":100,"skipped":0,"pct":92.59},"branches":{"total":12,"covered":8,"skipped":0,"pct":66.66}}
,"/Users/albz/Code/Javascript/Markasso/src/tools/eraser_tool.ts": {"lines":{"total":108,"covered":100,"skipped":0,"pct":92.59},"functions":{"total":9,"covered":7,"skipped":0,"pct":77.77},"statements":{"total":108,"covered":100,"skipped":0,"pct":92.59},"branches":{"total":20,"covered":17,"skipped":0,"pct":85}}
,"/Users/albz/Code/Javascript/Markasso/src/tools/hand_tool.ts": {"lines":{"total":47,"covered":43,"skipped":0,"pct":91.48},"functions":{"total":6,"covered":4,"skipped":0,"pct":66.66},"statements":{"total":47,"covered":43,"skipped":0,"pct":91.48},"branches":{"total":5,"covered":5,"skipped":0,"pct":100}}
,"/Users/albz/Code/Javascript/Markasso/src/tools/line_tool.ts": {"lines":{"total":268,"covered":194,"skipped":0,"pct":72.38},"functions":{"total":10,"covered":7,"skipped":0,"pct":70},"statements":{"total":268,"covered":194,"skipped":0,"pct":72.38},"branches":{"total":22,"covered":10,"skipped":0,"pct":45.45}}
,"/Users/albz/Code/Javascript/Markasso/src/tools/pen_tool.ts": {"lines":{"total":213,"covered":188,"skipped":0,"pct":88.26},"functions":{"total":9,"covered":8,"skipped":0,"pct":88.88},"statements":{"total":213,"covered":188,"skipped":0,"pct":88.26},"branches":{"total":38,"covered":27,"skipped":0,"pct":71.05}}
,"/Users/albz/Code/Javascript/Markasso/src/tools/rectangle_tool.ts": {"lines":{"total":108,"covered":100,"skipped":0,"pct":92.59},"functions":{"total":6,"covered":6,"skipped":0,"pct":100},"statements":{"total":108,"covered":100,"skipped":0,"pct":92.59},"branches":{"total":13,"covered":9,"skipped":0,"pct":69.23}}
,"/Users/albz/Code/Javascript/Markasso/src/tools/rombo_tool.ts": {"lines":{"total":108,"covered":100,"skipped":0,"pct":92.59},"functions":{"total":6,"covered":6,"skipped":0,"pct":100},"statements":{"total":108,"covered":100,"skipped":0,"pct":92.59},"branches":{"total":12,"covered":8,"skipped":0,"pct":66.66}}
}
